{
  "stats": {
    "suites": 1,
    "tests": 1,
    "passes": 1,
    "pending": 0,
    "failures": 0,
    "start": "2023-07-04T10:53:22.448Z",
    "end": "2023-07-04T10:53:23.714Z",
    "duration": 1266,
    "testsRegistered": 1,
    "passPercent": 100,
    "pendingPercent": 0,
    "other": 0,
    "hasOther": false,
    "skipped": 0,
    "hasSkipped": false
  },
  "results": [
    {
      "uuid": "0f9e01ac-0111-41aa-bc2e-4fe3bf04135f",
      "title": "",
      "fullFile": "C:\\Users\\USER\\Desktop\\Crypto-Currency-Converter\\Crypto-currency-converter\\test\\Currency.test.js",
      "file": "\\test\\Currency.test.js",
      "beforeHooks": [],
      "afterHooks": [],
      "tests": [],
      "suites": [
        {
          "uuid": "f342e8fc-08ed-4f3c-93a3-5e60b2810054",
          "title": "Test Currency converter",
          "fullFile": "C:\\Users\\USER\\Desktop\\Crypto-Currency-Converter\\Crypto-currency-converter\\test\\Currency.test.js",
          "file": "\\test\\Currency.test.js",
          "beforeHooks": [
            {
              "title": "\"before each\" hook: Open Currency converter in \"Test Currency converter\"",
              "fullTitle": "Test Currency converter \"before each\" hook: Open Currency converter in \"Test Currency converter\"",
              "timedOut": false,
              "duration": 6,
              "state": null,
              "speed": null,
              "pass": false,
              "fail": false,
              "pending": false,
              "context": null,
              "code": "driver = new Builder().forBrowser('chrome').build()\nCurrencyConverter = new CurrencyPage(driver)",
              "err": {},
              "uuid": "4d8954d8-b284-43c7-92f4-7766a8ecd34a",
              "parentUUID": "f342e8fc-08ed-4f3c-93a3-5e60b2810054",
              "isHook": true,
              "skipped": false
            }
          ],
          "afterHooks": [
            {
              "title": "\"after each\" hook: Close browser in \"Test Currency converter\"",
              "fullTitle": "Test Currency converter \"after each\" hook: Close browser in \"Test Currency converter\"",
              "timedOut": false,
              "duration": 0,
              "state": null,
              "speed": null,
              "pass": false,
              "fail": false,
              "pending": false,
              "context": null,
              "code": "// CurrencyConverter.closeBrowser();",
              "err": {},
              "uuid": "c43e2b53-345f-4910-992c-19abe1efcfd4",
              "parentUUID": "f342e8fc-08ed-4f3c-93a3-5e60b2810054",
              "isHook": true,
              "skipped": false
            }
          ],
          "tests": [
            {
              "title": "Test disabled option",
              "fullTitle": "Test Currency converter Test disabled option",
              "timedOut": false,
              "duration": 1254,
              "state": "passed",
              "speed": "slow",
              "pass": true,
              "fail": false,
              "pending": false,
              "context": null,
              "code": "await CurrencyConverter.visit(fileUrl);\n//await driver.manage().window().maximize();\n// Find the select element and the option\nconst select = await driver.findElement(By.id('cryptocurrency'));\nconst option = await select.findElement(By.css('option[value=\"\"]'));\n      \n// Select the option by its value\nawait option.click();\n      \n// Assert that the option is selected\nconst selectedOption = await select.findElement(By.css('option:checked'));\nassert.strictEqual(await selectedOption.getAttribute('value'), '', 'Option not selected');",
              "err": {},
              "uuid": "478e46ac-57c9-47ff-853f-90db06e382b4",
              "parentUUID": "f342e8fc-08ed-4f3c-93a3-5e60b2810054",
              "isHook": false,
              "skipped": false
            }
          ],
          "suites": [],
          "passes": [
            "478e46ac-57c9-47ff-853f-90db06e382b4"
          ],
          "failures": [],
          "pending": [],
          "skipped": [],
          "duration": 1254,
          "root": false,
          "rootEmpty": false,
          "_timeout": 10000
        }
      ],
      "passes": [],
      "failures": [],
      "pending": [],
      "skipped": [],
      "duration": 0,
      "root": true,
      "rootEmpty": true,
      "_timeout": 10000
    }
  ],
  "meta": {
    "mocha": {
      "version": "10.2.0"
    },
    "mochawesome": {
      "options": {
        "quiet": false,
        "reportFilename": "mochawesome",
        "saveHtml": true,
        "saveJson": true,
        "consoleReporter": "spec",
        "useInlineDiffs": false,
        "code": true
      },
      "version": "7.1.3"
    },
    "marge": {
      "options": null,
      "version": "6.2.0"
    }
  }
}