{
  "stats": {
    "suites": 1,
    "tests": 1,
    "passes": 1,
    "pending": 0,
    "failures": 0,
    "start": "2023-07-04T17:44:53.647Z",
    "end": "2023-07-04T17:44:59.472Z",
    "duration": 5825,
    "testsRegistered": 1,
    "passPercent": 100,
    "pendingPercent": 0,
    "other": 0,
    "hasOther": false,
    "skipped": 0,
    "hasSkipped": false
  },
  "results": [
    {
      "uuid": "2dd4547b-1505-436c-9fd3-dacf20fdef19",
      "title": "",
      "fullFile": "C:\\Users\\USER\\Desktop\\Crypto-Currency-Converter\\Crypto-currency-converter\\test\\Currency.test.js",
      "file": "\\test\\Currency.test.js",
      "beforeHooks": [],
      "afterHooks": [],
      "tests": [],
      "suites": [
        {
          "uuid": "80d3b1c0-4ba3-4dea-8b74-ba522f10a9cf",
          "title": "Test Currency converter",
          "fullFile": "C:\\Users\\USER\\Desktop\\Crypto-Currency-Converter\\Crypto-currency-converter\\test\\Currency.test.js",
          "file": "\\test\\Currency.test.js",
          "beforeHooks": [
            {
              "title": "\"before each\" hook: Open Currency converter in \"Test Currency converter\"",
              "fullTitle": "Test Currency converter \"before each\" hook: Open Currency converter in \"Test Currency converter\"",
              "timedOut": false,
              "duration": 9,
              "state": null,
              "speed": null,
              "pass": false,
              "fail": false,
              "pending": false,
              "context": null,
              "code": "driver = new Builder().forBrowser(process.env.USE_BROWSER).build();\nCurrencyConverter = new CurrencyPage(driver)",
              "err": {},
              "uuid": "3d60fb26-b938-4145-b726-e5b7ece11977",
              "parentUUID": "80d3b1c0-4ba3-4dea-8b74-ba522f10a9cf",
              "isHook": true,
              "skipped": false
            }
          ],
          "afterHooks": [
            {
              "title": "\"after each\" hook: Close browser in \"Test Currency converter\"",
              "fullTitle": "Test Currency converter \"after each\" hook: Close browser in \"Test Currency converter\"",
              "timedOut": false,
              "duration": 0,
              "state": null,
              "speed": null,
              "pass": false,
              "fail": false,
              "pending": false,
              "context": null,
              "code": "//CurrencyConverter.closeBrowser();",
              "err": {},
              "uuid": "3a397ccc-160d-4b26-bfa1-b2621684be47",
              "parentUUID": "80d3b1c0-4ba3-4dea-8b74-ba522f10a9cf",
              "isHook": true,
              "skipped": false
            }
          ],
          "tests": [
            {
              "title": "Test choosing currency by option",
              "fullTitle": "Test Currency converter Test choosing currency by option",
              "timedOut": false,
              "duration": 5808,
              "state": "passed",
              "speed": "slow",
              "pass": true,
              "fail": false,
              "pending": false,
              "context": null,
              "code": "await CurrencyConverter.visit(fileUrl);\nawait driver.manage().window().maximize();\nawait driver.sleep(2000);\nlet select = await driver.wait(\n  until.elementLocated(By.id(\"currency\")),\n  5000\n);\nlet currency = new Select(select);\nconst selectElement = await driver.findElement(By.id(\"currency\"));\nconst optionValue = \"MXN\";\nawait driver.executeScript(\n  `arguments[0].value = '${optionValue}';`,\n  selectElement\n);\nawait driver.sleep(2000);\n// Get the currently selected option and verify its value\nconst selectedOption = await currency.getFirstSelectedOption();\nconst selectedOptionText = await selectedOption.getText();\nconsole.log(selectedOptionText);\nassert.equal(selectedOptionText, \"Mexican Peso\");",
              "err": {},
              "uuid": "554544be-669f-403a-82f4-3e6463cd0200",
              "parentUUID": "80d3b1c0-4ba3-4dea-8b74-ba522f10a9cf",
              "isHook": false,
              "skipped": false
            }
          ],
          "suites": [],
          "passes": [
            "554544be-669f-403a-82f4-3e6463cd0200"
          ],
          "failures": [],
          "pending": [],
          "skipped": [],
          "duration": 5808,
          "root": false,
          "rootEmpty": false,
          "_timeout": 10000
        }
      ],
      "passes": [],
      "failures": [],
      "pending": [],
      "skipped": [],
      "duration": 0,
      "root": true,
      "rootEmpty": true,
      "_timeout": 10000
    }
  ],
  "meta": {
    "mocha": {
      "version": "10.2.0"
    },
    "mochawesome": {
      "options": {
        "quiet": false,
        "reportFilename": "mochawesome",
        "saveHtml": true,
        "saveJson": true,
        "consoleReporter": "spec",
        "useInlineDiffs": false,
        "code": true
      },
      "version": "7.1.3"
    },
    "marge": {
      "options": null,
      "version": "6.2.0"
    }
  }
}