{
  "stats": {
    "suites": 1,
    "tests": 1,
    "passes": 1,
    "pending": 0,
    "failures": 0,
    "start": "2023-07-04T11:25:22.446Z",
    "end": "2023-07-04T11:25:25.996Z",
    "duration": 3550,
    "testsRegistered": 1,
    "passPercent": 100,
    "pendingPercent": 0,
    "other": 0,
    "hasOther": false,
    "skipped": 0,
    "hasSkipped": false
  },
  "results": [
    {
      "uuid": "3fdde306-caa4-40d3-906c-696e1f6a7e1a",
      "title": "",
      "fullFile": "C:\\Users\\USER\\Desktop\\Crypto-Currency-Converter\\Crypto-currency-converter\\test\\Currency.test.js",
      "file": "\\test\\Currency.test.js",
      "beforeHooks": [],
      "afterHooks": [],
      "tests": [],
      "suites": [
        {
          "uuid": "11046f73-67e2-4bfd-8037-61e9ad665678",
          "title": "Test Currency converter",
          "fullFile": "C:\\Users\\USER\\Desktop\\Crypto-Currency-Converter\\Crypto-currency-converter\\test\\Currency.test.js",
          "file": "\\test\\Currency.test.js",
          "beforeHooks": [
            {
              "title": "\"before each\" hook: Open Currency converter in \"Test Currency converter\"",
              "fullTitle": "Test Currency converter \"before each\" hook: Open Currency converter in \"Test Currency converter\"",
              "timedOut": false,
              "duration": 7,
              "state": null,
              "speed": null,
              "pass": false,
              "fail": false,
              "pending": false,
              "context": null,
              "code": "driver = new Builder().forBrowser('chrome').build()\nCurrencyConverter = new CurrencyPage(driver)",
              "err": {},
              "uuid": "13b5d196-759a-4e96-8b02-381e60c4b030",
              "parentUUID": "11046f73-67e2-4bfd-8037-61e9ad665678",
              "isHook": true,
              "skipped": false
            }
          ],
          "afterHooks": [
            {
              "title": "\"after each\" hook: Close browser in \"Test Currency converter\"",
              "fullTitle": "Test Currency converter \"after each\" hook: Close browser in \"Test Currency converter\"",
              "timedOut": false,
              "duration": 0,
              "state": null,
              "speed": null,
              "pass": false,
              "fail": false,
              "pending": false,
              "context": null,
              "code": "// CurrencyConverter.closeBrowser();",
              "err": {},
              "uuid": "e271c2bb-f2f5-4c00-a22a-912decbd4086",
              "parentUUID": "11046f73-67e2-4bfd-8037-61e9ad665678",
              "isHook": true,
              "skipped": false
            }
          ],
          "tests": [
            {
              "title": "Test site logic is failed",
              "fullTitle": "Test Currency converter Test site logic is failed",
              "timedOut": false,
              "duration": 3536,
              "state": "passed",
              "speed": "slow",
              "pass": true,
              "fail": false,
              "pending": false,
              "context": null,
              "code": "await CurrencyConverter.visit(fileUrl);\nlet select = await driver.findElement(By.id('currency'));\nlet currency = new Select(select);\ncurrency.selectByValue(\"THB\");\nconst button = await driver.findElement(By.css('button[name=\"action\"]'));\nawait button.click();\nconst messageElement = await driver.findElement(By.css('.messages'));\nawait driver.wait(until.elementIsVisible(messageElement), 5000);\n// assert message\nconst messageText = await messageElement.getText();\nassert.notStrictEqual(messageText, '', 'All the fields are mandatory');",
              "err": {},
              "uuid": "616580bc-a13a-41a1-bd6e-189d6b8c384b",
              "parentUUID": "11046f73-67e2-4bfd-8037-61e9ad665678",
              "isHook": false,
              "skipped": false
            }
          ],
          "suites": [],
          "passes": [
            "616580bc-a13a-41a1-bd6e-189d6b8c384b"
          ],
          "failures": [],
          "pending": [],
          "skipped": [],
          "duration": 3536,
          "root": false,
          "rootEmpty": false,
          "_timeout": 10000
        }
      ],
      "passes": [],
      "failures": [],
      "pending": [],
      "skipped": [],
      "duration": 0,
      "root": true,
      "rootEmpty": true,
      "_timeout": 10000
    }
  ],
  "meta": {
    "mocha": {
      "version": "10.2.0"
    },
    "mochawesome": {
      "options": {
        "quiet": false,
        "reportFilename": "mochawesome",
        "saveHtml": true,
        "saveJson": true,
        "consoleReporter": "spec",
        "useInlineDiffs": false,
        "code": true
      },
      "version": "7.1.3"
    },
    "marge": {
      "options": null,
      "version": "6.2.0"
    }
  }
}