{
  "stats": {
    "suites": 1,
    "tests": 5,
    "passes": 5,
    "pending": 0,
    "failures": 0,
    "start": "2023-07-03T18:32:06.037Z",
    "end": "2023-07-03T18:32:11.741Z",
    "duration": 5704,
    "testsRegistered": 6,
    "passPercent": 83.33333333333334,
    "pendingPercent": 0,
    "other": 0,
    "hasOther": false,
    "skipped": 1,
    "hasSkipped": true
  },
  "results": [
    {
      "uuid": "5b3d2430-b405-40aa-a19c-781839968095",
      "title": "",
      "fullFile": "C:\\Users\\USER\\Desktop\\Crypto-Currency-Converter\\Crypto-currency-converter\\test\\Currency.test.js",
      "file": "\\test\\Currency.test.js",
      "beforeHooks": [],
      "afterHooks": [],
      "tests": [
        {
          "title": "Test choosing currency by option",
          "fullTitle": "Test choosing currency by option",
          "timedOut": false,
          "duration": 0,
          "state": null,
          "speed": null,
          "pass": false,
          "fail": false,
          "pending": false,
          "context": null,
          "code": "await CurrencyConverter.visit(fileUrl);\nlet select = await driver.findElement(By.id('currency'));\nlet currency = new Select(select);\ncurrency.selectByValue(\"USD\");\nlet selectedOption = await currency.getSelectedOption();\nassert.equal(await selectedOption.getAttribute(\"value\"), \"USD\");",
          "err": {},
          "uuid": "75a5c924-b783-4441-a11e-e8889968d1b5",
          "parentUUID": "5b3d2430-b405-40aa-a19c-781839968095",
          "isHook": false,
          "skipped": true
        }
      ],
      "suites": [
        {
          "uuid": "7448782e-6c50-451c-8a06-6a8dfc264089",
          "title": "Test Currency converter",
          "fullFile": "C:\\Users\\USER\\Desktop\\Crypto-Currency-Converter\\Crypto-currency-converter\\test\\Currency.test.js",
          "file": "\\test\\Currency.test.js",
          "beforeHooks": [
            {
              "title": "\"before each\" hook: Open Currency converter in \"Test Currency converter\"",
              "fullTitle": "Test Currency converter \"before each\" hook: Open Currency converter in \"Test Currency converter\"",
              "timedOut": false,
              "duration": 3,
              "state": null,
              "speed": null,
              "pass": false,
              "fail": false,
              "pending": false,
              "context": null,
              "code": "driver = new Builder().forBrowser('chrome').build()\nCurrencyConverter = new CurrencyPage(driver)",
              "err": {},
              "uuid": "b5506bce-c2f8-473c-8cda-4200e0c731d9",
              "parentUUID": "7448782e-6c50-451c-8a06-6a8dfc264089",
              "isHook": true,
              "skipped": false
            }
          ],
          "afterHooks": [
            {
              "title": "\"after each\" hook: Close browser in \"Test Currency converter\"",
              "fullTitle": "Test Currency converter \"after each\" hook: Close browser in \"Test Currency converter\"",
              "timedOut": false,
              "duration": 0,
              "state": null,
              "speed": null,
              "pass": false,
              "fail": false,
              "pending": false,
              "context": null,
              "code": "// CurrencyConverter.closeBrowser();",
              "err": {},
              "uuid": "d822cc07-474c-41f1-a80c-e81eb817b247",
              "parentUUID": "7448782e-6c50-451c-8a06-6a8dfc264089",
              "isHook": true,
              "skipped": false
            }
          ],
          "tests": [
            {
              "title": "Open page",
              "fullTitle": "Test Currency converter Open page",
              "timedOut": false,
              "duration": 1252,
              "state": "passed",
              "speed": "slow",
              "pass": true,
              "fail": false,
              "pending": false,
              "context": null,
              "code": "await CurrencyConverter.visit(fileUrl)",
              "err": {},
              "uuid": "c760fccd-e248-45a7-9dff-b83207b119d6",
              "parentUUID": "7448782e-6c50-451c-8a06-6a8dfc264089",
              "isHook": false,
              "skipped": false
            },
            {
              "title": "Test page title ",
              "fullTitle": "Test Currency converter Test page title ",
              "timedOut": false,
              "duration": 627,
              "state": "passed",
              "speed": "slow",
              "pass": true,
              "fail": false,
              "pending": false,
              "context": null,
              "code": "await CurrencyConverter.getTitle()\nassert.ok('title', 'Crypto-currency-converter/index.html')",
              "err": {},
              "uuid": "1fbfa1f2-c265-477d-9968-b5042ed444b1",
              "parentUUID": "7448782e-6c50-451c-8a06-6a8dfc264089",
              "isHook": false,
              "skipped": false
            },
            {
              "title": "test headline h1",
              "fullTitle": "Test Currency converter test headline h1",
              "timedOut": false,
              "duration": 1323,
              "state": "passed",
              "speed": "slow",
              "pass": true,
              "fail": false,
              "pending": false,
              "context": null,
              "code": "await CurrencyConverter.visit(fileUrl);\n// await driver.manage().window().maximize();\nconst title = await driver.findElement(By.css('h1'));\nconst text = await title.getText();\nassert.ok(text.includes('Cryptocurrency Rates Calculator'));",
              "err": {},
              "uuid": "efc5643e-7b06-489a-9806-16a35869db70",
              "parentUUID": "7448782e-6c50-451c-8a06-6a8dfc264089",
              "isHook": false,
              "skipped": false
            },
            {
              "title": "Test Label Currency ",
              "fullTitle": "Test Currency converter Test Label Currency ",
              "timedOut": false,
              "duration": 1145,
              "state": "passed",
              "speed": "slow",
              "pass": true,
              "fail": false,
              "pending": false,
              "context": null,
              "code": "await CurrencyConverter.visit(fileUrl);\nconst label = await driver.findElement(By.xpath('//label[text()=\"Currency\"]'));\nassert('label', 'Currency');",
              "err": {},
              "uuid": "fde15654-a74e-410d-936f-4612b6f97492",
              "parentUUID": "7448782e-6c50-451c-8a06-6a8dfc264089",
              "isHook": false,
              "skipped": false
            },
            {
              "title": "Test choosing currency by option",
              "fullTitle": "Test Currency converter Test choosing currency by option",
              "timedOut": false,
              "duration": 1328,
              "state": "passed",
              "speed": "slow",
              "pass": true,
              "fail": false,
              "pending": false,
              "context": null,
              "code": "await CurrencyConverter.visit(fileUrl);\nit.only('Test choosing currency by option', async function(){\n    await CurrencyConverter.visit(fileUrl);\n    let select = await driver.findElement(By.id('currency'));\n    let currency = new Select(select);\n    currency.selectByValue(\"USD\");\n    let selectedOption = await currency.getSelectedOption();\n    assert.equal(await selectedOption.getAttribute(\"value\"), \"USD\");\n    });",
              "err": {},
              "uuid": "1d4f1dba-4c72-47dc-971a-65516c11c39a",
              "parentUUID": "7448782e-6c50-451c-8a06-6a8dfc264089",
              "isHook": false,
              "skipped": false
            }
          ],
          "suites": [],
          "passes": [
            "c760fccd-e248-45a7-9dff-b83207b119d6",
            "1fbfa1f2-c265-477d-9968-b5042ed444b1",
            "efc5643e-7b06-489a-9806-16a35869db70",
            "fde15654-a74e-410d-936f-4612b6f97492",
            "1d4f1dba-4c72-47dc-971a-65516c11c39a"
          ],
          "failures": [],
          "pending": [],
          "skipped": [],
          "duration": 5675,
          "root": false,
          "rootEmpty": false,
          "_timeout": 10000
        }
      ],
      "passes": [],
      "failures": [],
      "pending": [],
      "skipped": [
        "75a5c924-b783-4441-a11e-e8889968d1b5"
      ],
      "duration": 0,
      "root": true,
      "rootEmpty": false,
      "_timeout": 10000
    }
  ],
  "meta": {
    "mocha": {
      "version": "10.2.0"
    },
    "mochawesome": {
      "options": {
        "quiet": false,
        "reportFilename": "mochawesome",
        "saveHtml": true,
        "saveJson": true,
        "consoleReporter": "spec",
        "useInlineDiffs": false,
        "code": true
      },
      "version": "7.1.3"
    },
    "marge": {
      "options": null,
      "version": "6.2.0"
    }
  }
}