{
  "stats": {
    "suites": 1,
    "tests": 1,
    "passes": 0,
    "pending": 0,
    "failures": 1,
    "start": "2023-07-04T14:00:16.314Z",
    "end": "2023-07-04T14:00:18.107Z",
    "duration": 1793,
    "testsRegistered": 1,
    "passPercent": 0,
    "pendingPercent": 0,
    "other": 0,
    "hasOther": false,
    "skipped": 0,
    "hasSkipped": false
  },
  "results": [
    {
      "uuid": "41e89e23-bbd3-46b0-83e8-6e69468f98e5",
      "title": "",
      "fullFile": "C:\\Users\\USER\\Desktop\\Crypto-Currency-Converter\\Crypto-currency-converter\\test\\Currency.test.js",
      "file": "\\test\\Currency.test.js",
      "beforeHooks": [],
      "afterHooks": [],
      "tests": [],
      "suites": [
        {
          "uuid": "f873aead-9f54-424f-805e-9304e491f398",
          "title": "Test Currency converter",
          "fullFile": "C:\\Users\\USER\\Desktop\\Crypto-Currency-Converter\\Crypto-currency-converter\\test\\Currency.test.js",
          "file": "\\test\\Currency.test.js",
          "beforeHooks": [
            {
              "title": "\"before each\" hook: Open Currency converter in \"Test Currency converter\"",
              "fullTitle": "Test Currency converter \"before each\" hook: Open Currency converter in \"Test Currency converter\"",
              "timedOut": false,
              "duration": 11,
              "state": null,
              "speed": null,
              "pass": false,
              "fail": false,
              "pending": false,
              "context": null,
              "code": "driver = new Builder().forBrowser(process.env.USE_BROWSER).build();\nCurrencyConverter = new CurrencyPage(driver)",
              "err": {},
              "uuid": "24d60432-6062-4fc8-9538-5796d2cf532a",
              "parentUUID": "f873aead-9f54-424f-805e-9304e491f398",
              "isHook": true,
              "skipped": false
            }
          ],
          "afterHooks": [
            {
              "title": "\"after each\" hook: Close browser in \"Test Currency converter\"",
              "fullTitle": "Test Currency converter \"after each\" hook: Close browser in \"Test Currency converter\"",
              "timedOut": false,
              "duration": 0,
              "state": null,
              "speed": null,
              "pass": false,
              "fail": false,
              "pending": false,
              "context": null,
              "code": "//CurrencyConverter.closeBrowser();",
              "err": {},
              "uuid": "9b414273-57ee-41ee-a325-b8df47773388",
              "parentUUID": "f873aead-9f54-424f-805e-9304e491f398",
              "isHook": true,
              "skipped": false
            }
          ],
          "tests": [
            {
              "title": "Test choosing currency by option",
              "fullTitle": "Test Currency converter Test choosing currency by option",
              "timedOut": false,
              "duration": 1775,
              "state": "failed",
              "speed": null,
              "pass": false,
              "fail": true,
              "pending": false,
              "context": null,
              "code": "await CurrencyConverter.visit(fileUrl);\nawait driver.manage().window().maximize();\nlet select = await driver.wait(until.elementLocated(By.id('currency')), 5000);\nlet currency = new Select(select);\ncurrency.selectByValue('MXN');\n// Get the currently selected option and verify its value\nconst selectedOption = await currency.getFirstSelectedOption();\nconst selectedOptionText = await selectedOption.getText();\nassert.equal(selectedOptionText, 'MXN', 'Mexican Peso');",
              "err": {
                "message": "AssertionError: Mexican Peso",
                "estack": "AssertionError [ERR_ASSERTION]: Mexican Peso\n    at Context.<anonymous> (test\\Currency.test.js:62:16)\n    at process.processTicksAndRejections (node:internal/process/task_queues:95:5)",
                "diff": "- - Select Currency -\n+ MXN\n"
              },
              "uuid": "bafa385f-651a-478d-869c-3a685370a1bc",
              "parentUUID": "f873aead-9f54-424f-805e-9304e491f398",
              "isHook": false,
              "skipped": false
            }
          ],
          "suites": [],
          "passes": [],
          "failures": [
            "bafa385f-651a-478d-869c-3a685370a1bc"
          ],
          "pending": [],
          "skipped": [],
          "duration": 1775,
          "root": false,
          "rootEmpty": false,
          "_timeout": 10000
        }
      ],
      "passes": [],
      "failures": [],
      "pending": [],
      "skipped": [],
      "duration": 0,
      "root": true,
      "rootEmpty": true,
      "_timeout": 10000
    }
  ],
  "meta": {
    "mocha": {
      "version": "10.2.0"
    },
    "mochawesome": {
      "options": {
        "quiet": false,
        "reportFilename": "mochawesome",
        "saveHtml": true,
        "saveJson": true,
        "consoleReporter": "spec",
        "useInlineDiffs": false,
        "code": true
      },
      "version": "7.1.3"
    },
    "marge": {
      "options": null,
      "version": "6.2.0"
    }
  }
}