{
  "stats": {
    "suites": 1,
    "tests": 5,
    "passes": 5,
    "pending": 0,
    "failures": 0,
    "start": "2023-07-04T10:08:59.618Z",
    "end": "2023-07-04T10:09:08.559Z",
    "duration": 8941,
    "testsRegistered": 6,
    "passPercent": 83.33333333333334,
    "pendingPercent": 0,
    "other": 0,
    "hasOther": false,
    "skipped": 1,
    "hasSkipped": true
  },
  "results": [
    {
      "uuid": "d64e4014-0411-4d86-8287-ea448f621267",
      "title": "",
      "fullFile": "C:\\Users\\USER\\Desktop\\Crypto-Currency-Converter\\Crypto-currency-converter\\test\\Currency.test.js",
      "file": "\\test\\Currency.test.js",
      "beforeHooks": [],
      "afterHooks": [],
      "tests": [
        {
          "title": "Test choosing currency by option",
          "fullTitle": "Test choosing currency by option",
          "timedOut": false,
          "duration": 0,
          "state": null,
          "speed": null,
          "pass": false,
          "fail": false,
          "pending": false,
          "context": null,
          "code": "await CurrencyConverter.visit(fileUrl);\nlet select = await driver.findElement(By.id('currency'));\nlet currency = new Select(select);\ncurrency.selectByValue(\"USD\");\nlet selectedOption = await currency.getSelectedOption();\nassert.equal(await selectedOption.getAttribute(\"value\"), \"USD\");",
          "err": {},
          "uuid": "59c2f99f-6a7a-4ae6-8883-096812edf6f5",
          "parentUUID": "d64e4014-0411-4d86-8287-ea448f621267",
          "isHook": false,
          "skipped": true
        }
      ],
      "suites": [
        {
          "uuid": "ab1c3bf7-17c2-45e1-a4d2-efe91a6a3755",
          "title": "Test Currency converter",
          "fullFile": "C:\\Users\\USER\\Desktop\\Crypto-Currency-Converter\\Crypto-currency-converter\\test\\Currency.test.js",
          "file": "\\test\\Currency.test.js",
          "beforeHooks": [
            {
              "title": "\"before each\" hook: Open Currency converter in \"Test Currency converter\"",
              "fullTitle": "Test Currency converter \"before each\" hook: Open Currency converter in \"Test Currency converter\"",
              "timedOut": false,
              "duration": 4,
              "state": null,
              "speed": null,
              "pass": false,
              "fail": false,
              "pending": false,
              "context": null,
              "code": "driver = new Builder().forBrowser('chrome').build()\nCurrencyConverter = new CurrencyPage(driver)",
              "err": {},
              "uuid": "7ae05b98-aa4d-4151-83b1-44fff81ed1d9",
              "parentUUID": "ab1c3bf7-17c2-45e1-a4d2-efe91a6a3755",
              "isHook": true,
              "skipped": false
            }
          ],
          "afterHooks": [
            {
              "title": "\"after each\" hook: Close browser in \"Test Currency converter\"",
              "fullTitle": "Test Currency converter \"after each\" hook: Close browser in \"Test Currency converter\"",
              "timedOut": false,
              "duration": 0,
              "state": null,
              "speed": null,
              "pass": false,
              "fail": false,
              "pending": false,
              "context": null,
              "code": "// CurrencyConverter.closeBrowser();",
              "err": {},
              "uuid": "61c6f42b-7af8-4d89-92ef-a9f10e597f2d",
              "parentUUID": "ab1c3bf7-17c2-45e1-a4d2-efe91a6a3755",
              "isHook": true,
              "skipped": false
            }
          ],
          "tests": [
            {
              "title": "Open page",
              "fullTitle": "Test Currency converter Open page",
              "timedOut": false,
              "duration": 3119,
              "state": "passed",
              "speed": "slow",
              "pass": true,
              "fail": false,
              "pending": false,
              "context": null,
              "code": "await CurrencyConverter.visit(fileUrl)",
              "err": {},
              "uuid": "ebfe36fa-e6c5-4498-8d43-4e0017866aff",
              "parentUUID": "ab1c3bf7-17c2-45e1-a4d2-efe91a6a3755",
              "isHook": false,
              "skipped": false
            },
            {
              "title": "Test page title ",
              "fullTitle": "Test Currency converter Test page title ",
              "timedOut": false,
              "duration": 692,
              "state": "passed",
              "speed": "slow",
              "pass": true,
              "fail": false,
              "pending": false,
              "context": null,
              "code": "await CurrencyConverter.getTitle()\nassert.ok('title', 'Crypto-currency-converter/index.html')",
              "err": {},
              "uuid": "ca68dcba-1c77-4ae5-976d-44751339e30f",
              "parentUUID": "ab1c3bf7-17c2-45e1-a4d2-efe91a6a3755",
              "isHook": false,
              "skipped": false
            },
            {
              "title": "test headline h1",
              "fullTitle": "Test Currency converter test headline h1",
              "timedOut": false,
              "duration": 1731,
              "state": "passed",
              "speed": "slow",
              "pass": true,
              "fail": false,
              "pending": false,
              "context": null,
              "code": "await CurrencyConverter.visit(fileUrl);\n //await driver.manage().window().maximize();\nconst title = await driver.findElement(By.css('h1'));\nconst text = await title.getText();\nassert.ok(text.includes('Cryptocurrency Rates Calculator'));",
              "err": {},
              "uuid": "340a6830-8dae-46b1-a00a-585c89da69f6",
              "parentUUID": "ab1c3bf7-17c2-45e1-a4d2-efe91a6a3755",
              "isHook": false,
              "skipped": false
            },
            {
              "title": "Test Label Currency ",
              "fullTitle": "Test Currency converter Test Label Currency ",
              "timedOut": false,
              "duration": 1472,
              "state": "passed",
              "speed": "slow",
              "pass": true,
              "fail": false,
              "pending": false,
              "context": null,
              "code": "await CurrencyConverter.visit(fileUrl);\nconst label = await driver.findElement(By.xpath('//label[text()=\"Currency\"]'));\nassert('label', 'Currency');",
              "err": {},
              "uuid": "c756145c-beca-48c4-b7ac-2f2bea6b7610",
              "parentUUID": "ab1c3bf7-17c2-45e1-a4d2-efe91a6a3755",
              "isHook": false,
              "skipped": false
            },
            {
              "title": "Test choosing currency by option",
              "fullTitle": "Test Currency converter Test choosing currency by option",
              "timedOut": false,
              "duration": 1899,
              "state": "passed",
              "speed": "slow",
              "pass": true,
              "fail": false,
              "pending": false,
              "context": null,
              "code": "await CurrencyConverter.visit(fileUrl);\nit.only('Test choosing currency by option', async function(){\n    await CurrencyConverter.visit(fileUrl);\n    let select = await driver.findElement(By.id('currency'));\n    let currency = new Select(select);\n    currency.selectByValue(\"USD\");\n    let selectedOption = await currency.getSelectedOption();\n    assert.equal(await selectedOption.getAttribute(\"value\"), \"USD\");\n    });",
              "err": {},
              "uuid": "65936bcd-5512-4d54-9473-7ef03be4c919",
              "parentUUID": "ab1c3bf7-17c2-45e1-a4d2-efe91a6a3755",
              "isHook": false,
              "skipped": false
            }
          ],
          "suites": [],
          "passes": [
            "ebfe36fa-e6c5-4498-8d43-4e0017866aff",
            "ca68dcba-1c77-4ae5-976d-44751339e30f",
            "340a6830-8dae-46b1-a00a-585c89da69f6",
            "c756145c-beca-48c4-b7ac-2f2bea6b7610",
            "65936bcd-5512-4d54-9473-7ef03be4c919"
          ],
          "failures": [],
          "pending": [],
          "skipped": [],
          "duration": 8913,
          "root": false,
          "rootEmpty": false,
          "_timeout": 10000
        }
      ],
      "passes": [],
      "failures": [],
      "pending": [],
      "skipped": [
        "59c2f99f-6a7a-4ae6-8883-096812edf6f5"
      ],
      "duration": 0,
      "root": true,
      "rootEmpty": false,
      "_timeout": 10000
    }
  ],
  "meta": {
    "mocha": {
      "version": "10.2.0"
    },
    "mochawesome": {
      "options": {
        "quiet": false,
        "reportFilename": "mochawesome",
        "saveHtml": true,
        "saveJson": true,
        "consoleReporter": "spec",
        "useInlineDiffs": false,
        "code": true
      },
      "version": "7.1.3"
    },
    "marge": {
      "options": null,
      "version": "6.2.0"
    }
  }
}